<?xml version="1.0" encoding="UTF-8"?>
<!-- Generated by org.testng.reporters.JUnitReportReporter -->
<testsuite skipped="0" hostname="WKWIN0080769" name="TestClass" tests="1" failures="0" timestamp="2022-06-25T20:25:59 ICT" time="12.869" errors="0">
  <testcase name="Test1" time="12.869" classname="TestClass"/>
</testsuite> <!-- TestClass -->
